2020-01-03 19:41:24.624  INFO 13048 --- [main] c.e.c.community1.Community1Application   : Starting Community1Application on LAPTOP-M7A8ST2E with PID 13048 (D:\ideawork\community1\target\classes started by 20568 in D:\ideawork\community1)
2020-01-03 19:41:24.624  INFO 13048 --- [main] c.e.c.community1.Community1Application   : No active profile set, falling back to default profiles: default
2020-01-03 19:41:25.562  INFO 13048 --- [main] o.s.b.w.embedded.tomcat.TomcatWebServer  : Tomcat initialized with port(s): 8080 (http)
2020-01-03 19:41:25.577  INFO 13048 --- [main] o.apache.catalina.core.StandardService   : Starting service [Tomcat]
2020-01-03 19:41:25.577  INFO 13048 --- [main] org.apache.catalina.core.StandardEngine  : Starting Servlet engine: [Apache Tomcat/9.0.29]
2020-01-03 19:41:25.734  INFO 13048 --- [main] o.a.c.c.C.[Tomcat].[localhost].[/]       : Initializing Spring embedded WebApplicationContext
2020-01-03 19:41:25.734  INFO 13048 --- [main] o.s.web.context.ContextLoader            : Root WebApplicationContext: initialization completed in 1047 ms
2020-01-03 19:41:26.218  INFO 13048 --- [main] o.s.s.concurrent.ThreadPoolTaskExecutor  : Initializing ExecutorService 'applicationTaskExecutor'
2020-01-03 19:41:26.280  INFO 13048 --- [main] o.s.b.a.w.s.WelcomePageHandlerMapping    : Adding welcome page template: index
2020-01-03 19:41:26.452  INFO 13048 --- [main] o.s.b.w.embedded.tomcat.TomcatWebServer  : Tomcat started on port(s): 8080 (http) with context path ''
2020-01-03 19:41:26.452  INFO 13048 --- [main] c.e.c.community1.Community1Application   : Started Community1Application in 2.218 seconds (JVM running for 3.274)
2020-01-03 19:48:16.164  INFO 6640 --- [main] c.e.c.community1.Community1Application   : Starting Community1Application on LAPTOP-M7A8ST2E with PID 6640 (D:\ideawork\community1\target\classes started by 20568 in D:\ideawork\community1)
2020-01-03 19:48:16.180  INFO 6640 --- [main] c.e.c.community1.Community1Application   : No active profile set, falling back to default profiles: default
2020-01-03 19:48:17.148  INFO 6640 --- [main] o.s.b.w.embedded.tomcat.TomcatWebServer  : Tomcat initialized with port(s): 8080 (http)
2020-01-03 19:48:17.148  INFO 6640 --- [main] o.apache.catalina.core.StandardService   : Starting service [Tomcat]
2020-01-03 19:48:17.148  INFO 6640 --- [main] org.apache.catalina.core.StandardEngine  : Starting Servlet engine: [Apache Tomcat/9.0.29]
2020-01-03 19:48:17.273  INFO 6640 --- [main] o.a.c.c.C.[Tomcat].[localhost].[/]       : Initializing Spring embedded WebApplicationContext
2020-01-03 19:48:17.273  INFO 6640 --- [main] o.s.web.context.ContextLoader            : Root WebApplicationContext: initialization completed in 1046 ms
2020-01-03 19:48:17.773  INFO 6640 --- [main] o.s.s.concurrent.ThreadPoolTaskExecutor  : Initializing ExecutorService 'applicationTaskExecutor'
2020-01-03 19:48:17.820  INFO 6640 --- [main] o.s.b.a.w.s.WelcomePageHandlerMapping    : Adding welcome page template: index
2020-01-03 19:48:17.976  INFO 6640 --- [main] o.s.b.w.embedded.tomcat.TomcatWebServer  : Tomcat started on port(s): 8080 (http) with context path ''
2020-01-03 19:48:17.976  INFO 6640 --- [main] c.e.c.community1.Community1Application   : Started Community1Application in 2.145 seconds (JVM running for 3.33)
